<?xml version="1.0" encoding="UTF-8"?>
<!-- Generated by org.testng.reporters.JUnitReportReporter -->
<testsuite hostname="DESKTOP-IBKLVCE" failures="0" tests="7" name="TestReporter" time="32.517" errors="0" timestamp="2024-08-21T13:40:53 AZT" skipped="0">
  <testcase classname="TestReporter" name="testAddToBag" time="7.654">
    <system-out>
      <![CDATA[Added the product to the bag.]]>
    </system-out>
  </testcase> <!-- testAddToBag -->
  <testcase classname="TestReporter" name="testProceedToCheckout" time="1.267">
    <system-out>
      <![CDATA[Clicked the Proceed to Checkout button.]]>
    </system-out>
  </testcase> <!-- testProceedToCheckout -->
  <testcase classname="TestReporter" name="testIncreaseQuantity" time="6.191">
    <system-out>
      <![CDATA[Increased the quantity to 5 items.]]>
    </system-out>
  </testcase> <!-- testIncreaseQuantity -->
  <testcase classname="TestReporter" name="testSearchProduct" time="4.564">
    <system-out>
      <![CDATA[Searched for the product 'puzzle toy'.]]>
    </system-out>
  </testcase> <!-- testSearchProduct -->
  <testcase classname="TestReporter" name="testOpenWebstore" time="11.119">
    <system-out>
      <![CDATA[Opened the Mumzworld webstore.]]>
    </system-out>
  </testcase> <!-- testOpenWebstore -->
  <testcase classname="TestReporter" name="testRegisterUser" time="1.403">
    <system-out>
      <![CDATA[Registered a new user.]]>
    </system-out>
  </testcase> <!-- testRegisterUser -->
  <testcase classname="TestReporter" name="testGoToViewBag" time="0.319">
    <system-out>
      <![CDATA[Navigated to the view bag page.]]>
    </system-out>
  </testcase> <!-- testGoToViewBag -->
  <system-out>
    <![CDATA[Browser setup completed and maximized.
Opened the Mumzworld webstore.
Searched for the product 'puzzle toy'.
Added the product to the bag.
Navigated to the view bag page.
Increased the quantity to 5 items.
Clicked the Proceed to Checkout button.
Registered a new user.
Browser closed.]]>
  </system-out>
</testsuite> <!-- TestReporter -->
