<?xml version="1.0" encoding="UTF-8"?>
<!-- Generated by org.testng.reporters.JUnitReportReporter -->
<testsuite hostname="DESKTOP-IBKLVCE" failures="0" tests="7" name="mumzworld.mumzworldTestcases" time="38.145" errors="0" timestamp="2024-08-21T13:52:21 AZT" skipped="0">
  <testcase classname="mumzworld.mumzworldTestcases" name="testOpenWebstore" time="13.061">
    <system-out>
      <![CDATA[Opened the Mumzworld webstore.]]>
    </system-out>
  </testcase> <!-- testOpenWebstore -->
  <testcase classname="mumzworld.mumzworldTestcases" name="testAddToBag" time="12.484">
    <system-out>
      <![CDATA[Added the product to the bag.]]>
    </system-out>
  </testcase> <!-- testAddToBag -->
  <testcase classname="mumzworld.mumzworldTestcases" name="testRegisterUser" time="1.557">
    <system-out>
      <![CDATA[Registered a new user.]]>
    </system-out>
  </testcase> <!-- testRegisterUser -->
  <testcase classname="mumzworld.mumzworldTestcases" name="testGoToViewBag" time="1.071">
    <system-out>
      <![CDATA[Navigated to the view bag page.]]>
    </system-out>
  </testcase> <!-- testGoToViewBag -->
  <testcase classname="mumzworld.mumzworldTestcases" name="testSearchProduct" time="1.968">
    <system-out>
      <![CDATA[Searched for the product 'puzzle toy'.]]>
    </system-out>
  </testcase> <!-- testSearchProduct -->
  <testcase classname="mumzworld.mumzworldTestcases" name="testProceedToCheckout" time="0.655">
    <system-out>
      <![CDATA[Clicked the Proceed to Checkout button.]]>
    </system-out>
  </testcase> <!-- testProceedToCheckout -->
  <testcase classname="mumzworld.mumzworldTestcases" name="testIncreaseQuantity" time="7.349">
    <system-out>
      <![CDATA[Increased the quantity to 5 items.]]>
    </system-out>
  </testcase> <!-- testIncreaseQuantity -->
  <system-out>
    <![CDATA[Browser setup completed and maximized.
Opened the Mumzworld webstore.
Searched for the product 'puzzle toy'.
Added the product to the bag.
Navigated to the view bag page.
Increased the quantity to 5 items.
Clicked the Proceed to Checkout button.
Registered a new user.
Browser closed.]]>
  </system-out>
</testsuite> <!-- mumzworld.mumzworldTestcases -->
